2024-06-25 18:11:08 INFO  Hook:22 - Launching the browser
2024-06-25 18:11:08 INFO  PropertiesUtil:16 - Reading the properties file located at /home/jagadeesh/personalws/java/automation_testing/src/main/resources/config.properties
2024-06-25 18:11:08 INFO  ExcelFileUtil:33 - Reading the data from /home/jagadeesh/personalws/java/automation_testing/src/main/resources/Deloitte.xlsx and sheet Sheet1
2024-06-25 18:11:08 INFO  ExcelFileUtil:19 - Reading workbook getWorkbookSheet(/home/jagadeesh/personalws/java/automation_testing/src/main/resources/Deloitte.xlsx, Sheet1)
2024-06-25 18:11:09 INFO  FlightBookingSteps:22 - I navigate to home page
2024-06-25 18:11:09 INFO  DeloitteDriver:22 - Navigate to Home Page
2024-06-25 18:11:10 INFO  DeloitteDriver:22 - Maximize window
2024-06-25 18:11:10 INFO  FlightBookingSteps:22 - I travel New Delhi to Mumbai on current date
2024-06-25 18:11:10 INFO  IxigoHomePage:22 - enterSearchDetails(String {}, String {})
2024-06-25 18:11:10 INFO  DeloitteDriver:22 - Wait until element is clickable: By.xpath: //*[@data-testid='originId']//parent::div and time: 30
2024-06-25 18:11:11 INFO  DeloitteDriver:22 - Click the element: By.xpath: //*[@data-testid='originId']//parent::div
2024-06-25 18:11:11 INFO  DeloitteDriver:22 - Find element By.xpath: //*[@data-testid='originId']//parent::div
2024-06-25 18:11:11 INFO  DeloitteDriver:22 - Wait until element is clickable: By.xpath: //label[normalize-space()='From']/following-sibling::input and time: 30
2024-06-25 18:11:11 INFO  DeloitteDriver:22 - Enter text: New Delhi
2024-06-25 18:11:11 INFO  DeloitteDriver:22 - Find element By.xpath: //label[normalize-space()='From']/following-sibling::input
2024-06-25 18:11:11 INFO  DeloitteDriver:22 - Find element By.xpath: //label[normalize-space()='From']/following-sibling::input
2024-06-25 18:11:11 INFO  DeloitteDriver:22 - Wait for 2 second(s)
2024-06-25 18:11:13 INFO  DeloitteDriver:22 - Find elements: By.xpath: //label[normalize-space()='From']/ancestor::div[contains(@class, 'items')]//div[contains(@class, 'Autocompleter')]//li and get index element 0
2024-06-25 18:11:13 INFO  DeloitteDriver:22 - Find elements By.xpath: //label[normalize-space()='From']/ancestor::div[contains(@class, 'items')]//div[contains(@class, 'Autocompleter')]//li
2024-06-25 18:11:13 INFO  DeloitteDriver:22 - Wait until element is clickable: By.xpath: //label[normalize-space()='To']/following-sibling::input and time: 30
2024-06-25 18:11:14 INFO  DeloitteDriver:22 - Enter text: Mumbai
2024-06-25 18:11:14 INFO  DeloitteDriver:22 - Find element By.xpath: //label[normalize-space()='To']/following-sibling::input
2024-06-25 18:11:14 INFO  DeloitteDriver:22 - Find element By.xpath: //label[normalize-space()='To']/following-sibling::input
2024-06-25 18:11:14 INFO  DeloitteDriver:22 - Wait for 2 second(s)
2024-06-25 18:11:16 INFO  DeloitteDriver:22 - Find elements: By.xpath: //label[normalize-space()='To']/ancestor::div[contains(@class, 'items')]//div[contains(@class, 'Autocompleter')]//li and get index element 0
2024-06-25 18:11:16 INFO  DeloitteDriver:22 - Find elements By.xpath: //label[normalize-space()='To']/ancestor::div[contains(@class, 'items')]//div[contains(@class, 'Autocompleter')]//li
2024-06-25 18:11:16 INFO  DeloitteDriver:22 - Wait until element is clickable: By.xpath: //button[text()='Search'] and time: 30
2024-06-25 18:11:16 INFO  DeloitteDriver:22 - Wait for 2 second(s)
2024-06-25 18:11:18 INFO  DeloitteDriver:22 - Click the element: By.xpath: //button[text()='Search']
2024-06-25 18:11:18 INFO  DeloitteDriver:22 - Find element By.xpath: //button[text()='Search']
2024-06-25 18:11:18 INFO  FlightSearchResultsPage:22 - Wait for Page Load
2024-06-25 18:11:18 INFO  DeloitteDriver:22 - Wait for the presence of element: By.xpath: //div/p[text()=' Flights Available'] and time: 30
2024-06-25 18:11:48 INFO  Hook:22 - Closing the browser.
2024-06-25 18:11:48 INFO  DeloitteDriver:22 - Quit the browser
2024-06-25 18:11:48 INFO  Hook:22 - Launching the browser
2024-06-25 18:11:48 INFO  FlightBookingSteps:22 - I navigate to home page
2024-06-25 18:11:48 INFO  DeloitteDriver:22 - Navigate to Home Page
2024-06-25 18:11:49 INFO  DeloitteDriver:22 - Maximize window
2024-06-25 18:11:49 INFO  FlightBookingSteps:22 - I travel Mumbai to Hyderabad on current date
2024-06-25 18:11:49 INFO  IxigoHomePage:22 - enterSearchDetails(String {}, String {})
2024-06-25 18:11:49 INFO  DeloitteDriver:22 - Wait until element is clickable: By.xpath: //*[@data-testid='originId']//parent::div and time: 30
2024-06-25 18:11:50 INFO  DeloitteDriver:22 - Click the element: By.xpath: //*[@data-testid='originId']//parent::div
2024-06-25 18:11:50 INFO  DeloitteDriver:22 - Find element By.xpath: //*[@data-testid='originId']//parent::div
2024-06-25 18:11:50 INFO  DeloitteDriver:22 - Wait until element is clickable: By.xpath: //label[normalize-space()='From']/following-sibling::input and time: 30
2024-06-25 18:11:50 INFO  DeloitteDriver:22 - Enter text: Mumbai
2024-06-25 18:11:50 INFO  DeloitteDriver:22 - Find element By.xpath: //label[normalize-space()='From']/following-sibling::input
2024-06-25 18:11:50 INFO  DeloitteDriver:22 - Find element By.xpath: //label[normalize-space()='From']/following-sibling::input
2024-06-25 18:11:50 INFO  DeloitteDriver:22 - Wait for 2 second(s)
2024-06-25 18:11:52 INFO  DeloitteDriver:22 - Find elements: By.xpath: //label[normalize-space()='From']/ancestor::div[contains(@class, 'items')]//div[contains(@class, 'Autocompleter')]//li and get index element 0
2024-06-25 18:11:52 INFO  DeloitteDriver:22 - Find elements By.xpath: //label[normalize-space()='From']/ancestor::div[contains(@class, 'items')]//div[contains(@class, 'Autocompleter')]//li
2024-06-25 18:11:52 INFO  DeloitteDriver:22 - Wait until element is clickable: By.xpath: //label[normalize-space()='To']/following-sibling::input and time: 30
2024-06-25 18:11:52 INFO  DeloitteDriver:22 - Enter text: Hyderabad
2024-06-25 18:11:52 INFO  DeloitteDriver:22 - Find element By.xpath: //label[normalize-space()='To']/following-sibling::input
2024-06-25 18:11:52 INFO  DeloitteDriver:22 - Find element By.xpath: //label[normalize-space()='To']/following-sibling::input
2024-06-25 18:11:52 INFO  DeloitteDriver:22 - Wait for 2 second(s)
2024-06-25 18:11:54 INFO  DeloitteDriver:22 - Find elements: By.xpath: //label[normalize-space()='To']/ancestor::div[contains(@class, 'items')]//div[contains(@class, 'Autocompleter')]//li and get index element 0
2024-06-25 18:11:54 INFO  DeloitteDriver:22 - Find elements By.xpath: //label[normalize-space()='To']/ancestor::div[contains(@class, 'items')]//div[contains(@class, 'Autocompleter')]//li
2024-06-25 18:11:55 INFO  DeloitteDriver:22 - Wait until element is clickable: By.xpath: //button[text()='Search'] and time: 30
2024-06-25 18:11:55 INFO  DeloitteDriver:22 - Wait for 2 second(s)
2024-06-25 18:11:57 INFO  DeloitteDriver:22 - Click the element: By.xpath: //button[text()='Search']
2024-06-25 18:11:57 INFO  DeloitteDriver:22 - Find element By.xpath: //button[text()='Search']
2024-06-25 18:11:57 INFO  FlightSearchResultsPage:22 - Wait for Page Load
2024-06-25 18:11:57 INFO  DeloitteDriver:22 - Wait for the presence of element: By.xpath: //div/p[text()=' Flights Available'] and time: 30
2024-06-25 18:12:27 INFO  Hook:22 - Closing the browser.
2024-06-25 18:12:27 INFO  DeloitteDriver:22 - Quit the browser
2024-06-25 18:25:04 INFO  Hook:22 - Launching the browser
2024-06-25 18:25:04 INFO  PropertiesUtil:16 - Reading the properties file located at /home/jagadeesh/personalws/java/automation_testing/src/main/resources/config.properties
2024-06-25 18:25:04 INFO  ExcelFileUtil:33 - Reading the data from /home/jagadeesh/personalws/java/automation_testing/src/main/resources/Deloitte.xlsx and sheet Sheet1
2024-06-25 18:25:04 INFO  ExcelFileUtil:19 - Reading workbook getWorkbookSheet(/home/jagadeesh/personalws/java/automation_testing/src/main/resources/Deloitte.xlsx, Sheet1)
2024-06-25 18:25:05 INFO  FlightBookingSteps:22 - I navigate to home page
2024-06-25 18:25:05 INFO  DeloitteDriver:22 - Navigate to Home Page
2024-06-25 18:25:06 INFO  DeloitteDriver:22 - Maximize window
2024-06-25 18:25:06 INFO  Hook:22 - Closing the browser.
2024-06-25 18:25:06 INFO  DeloitteDriver:22 - Quit the browser
2024-06-25 18:25:06 INFO  Hook:22 - Launching the browser
2024-06-25 18:25:07 INFO  FlightBookingSteps:22 - I navigate to home page
2024-06-25 18:25:07 INFO  DeloitteDriver:22 - Navigate to Home Page
2024-06-25 18:25:07 INFO  DeloitteDriver:22 - Maximize window
2024-06-25 18:25:07 INFO  Hook:22 - Closing the browser.
2024-06-25 18:25:08 INFO  DeloitteDriver:22 - Quit the browser
2024-06-25 18:25:34 INFO  Hook:22 - Launching the browser
2024-06-25 18:25:34 INFO  PropertiesUtil:16 - Reading the properties file located at /home/jagadeesh/personalws/java/automation_testing/src/main/resources/config.properties
2024-06-25 18:25:34 INFO  ExcelFileUtil:33 - Reading the data from /home/jagadeesh/personalws/java/automation_testing/src/main/resources/Deloitte.xlsx and sheet Sheet1
2024-06-25 18:25:34 INFO  ExcelFileUtil:19 - Reading workbook getWorkbookSheet(/home/jagadeesh/personalws/java/automation_testing/src/main/resources/Deloitte.xlsx, Sheet1)
2024-06-25 18:25:35 INFO  FlightBookingSteps:22 - I navigate to home page
2024-06-25 18:25:35 INFO  DeloitteDriver:22 - Navigate to Home Page
2024-06-25 18:25:36 INFO  DeloitteDriver:22 - Maximize window
2024-06-25 18:25:36 INFO  FlightBookingSteps:22 - I search with Sheet1 and 0 data with current date
2024-06-25 18:25:36 INFO  ExcelFileUtil:52 - Reading the data from /home/jagadeesh/personalws/java/automation_testing/src/main/resources/Deloitte.xlsx and sheet Sheet1 and row0
2024-06-25 18:25:36 INFO  ExcelFileUtil:19 - Reading workbook getWorkbookSheet(/home/jagadeesh/personalws/java/automation_testing/src/main/resources/Deloitte.xlsx, Sheet1)
2024-06-25 18:25:36 INFO  ExcelFileUtil:33 - Reading the data from /home/jagadeesh/personalws/java/automation_testing/src/main/resources/Deloitte.xlsx and sheet Sheet1
2024-06-25 18:25:36 INFO  ExcelFileUtil:19 - Reading workbook getWorkbookSheet(/home/jagadeesh/personalws/java/automation_testing/src/main/resources/Deloitte.xlsx, Sheet1)
2024-06-25 18:25:36 INFO  IxigoHomePage:22 - enterSearchDetails(String {}, String {})
2024-06-25 18:25:36 INFO  DeloitteDriver:22 - Wait until element is clickable: By.xpath: //*[@data-testid='originId']//parent::div and time: 30
2024-06-25 18:25:37 INFO  DeloitteDriver:22 - Click the element: By.xpath: //*[@data-testid='originId']//parent::div
2024-06-25 18:25:37 INFO  DeloitteDriver:22 - Find element By.xpath: //*[@data-testid='originId']//parent::div
2024-06-25 18:25:37 INFO  DeloitteDriver:22 - Wait until element is clickable: By.xpath: //label[normalize-space()='From']/following-sibling::input and time: 30
2024-06-25 18:25:37 INFO  DeloitteDriver:22 - Enter text: New Delhi
2024-06-25 18:25:37 INFO  DeloitteDriver:22 - Find element By.xpath: //label[normalize-space()='From']/following-sibling::input
2024-06-25 18:25:37 INFO  DeloitteDriver:22 - Find element By.xpath: //label[normalize-space()='From']/following-sibling::input
2024-06-25 18:25:37 INFO  DeloitteDriver:22 - Wait for 2 second(s)
2024-06-25 18:25:39 INFO  DeloitteDriver:22 - Find elements: By.xpath: //label[normalize-space()='From']/ancestor::div[contains(@class, 'items')]//div[contains(@class, 'Autocompleter')]//li and get index element 0
2024-06-25 18:25:39 INFO  DeloitteDriver:22 - Find elements By.xpath: //label[normalize-space()='From']/ancestor::div[contains(@class, 'items')]//div[contains(@class, 'Autocompleter')]//li
2024-06-25 18:25:39 INFO  DeloitteDriver:22 - Wait until element is clickable: By.xpath: //label[normalize-space()='To']/following-sibling::input and time: 30
2024-06-25 18:25:39 INFO  DeloitteDriver:22 - Enter text: Mumbai
2024-06-25 18:25:39 INFO  DeloitteDriver:22 - Find element By.xpath: //label[normalize-space()='To']/following-sibling::input
2024-06-25 18:25:39 INFO  DeloitteDriver:22 - Find element By.xpath: //label[normalize-space()='To']/following-sibling::input
2024-06-25 18:25:39 INFO  DeloitteDriver:22 - Wait for 2 second(s)
2024-06-25 18:25:41 INFO  DeloitteDriver:22 - Find elements: By.xpath: //label[normalize-space()='To']/ancestor::div[contains(@class, 'items')]//div[contains(@class, 'Autocompleter')]//li and get index element 0
2024-06-25 18:25:41 INFO  DeloitteDriver:22 - Find elements By.xpath: //label[normalize-space()='To']/ancestor::div[contains(@class, 'items')]//div[contains(@class, 'Autocompleter')]//li
2024-06-25 18:25:41 INFO  DeloitteDriver:22 - Wait until element is clickable: By.xpath: //button[text()='Search'] and time: 30
2024-06-25 18:25:41 INFO  DeloitteDriver:22 - Wait for 2 second(s)
2024-06-25 18:25:43 INFO  DeloitteDriver:22 - Click the element: By.xpath: //button[text()='Search']
2024-06-25 18:25:43 INFO  DeloitteDriver:22 - Find element By.xpath: //button[text()='Search']
2024-06-25 18:25:44 INFO  FlightSearchResultsPage:22 - Wait for Page Load
2024-06-25 18:25:44 INFO  DeloitteDriver:22 - Wait for the presence of element: By.xpath: //div/p[text()=' Flights Available'] and time: 30
2024-06-25 18:26:14 INFO  Hook:22 - Closing the browser.
2024-06-25 18:26:14 INFO  DeloitteDriver:22 - Quit the browser
2024-06-25 18:26:14 INFO  Hook:22 - Launching the browser
2024-06-25 18:26:15 INFO  FlightBookingSteps:22 - I navigate to home page
2024-06-25 18:26:15 INFO  DeloitteDriver:22 - Navigate to Home Page
2024-06-25 18:26:15 INFO  DeloitteDriver:22 - Maximize window
2024-06-25 18:26:15 INFO  FlightBookingSteps:22 - I search with Sheet1 and 1 data with current date
2024-06-25 18:26:15 INFO  ExcelFileUtil:52 - Reading the data from /home/jagadeesh/personalws/java/automation_testing/src/main/resources/Deloitte.xlsx and sheet Sheet1 and row1
2024-06-25 18:26:15 INFO  ExcelFileUtil:19 - Reading workbook getWorkbookSheet(/home/jagadeesh/personalws/java/automation_testing/src/main/resources/Deloitte.xlsx, Sheet1)
2024-06-25 18:26:15 INFO  ExcelFileUtil:33 - Reading the data from /home/jagadeesh/personalws/java/automation_testing/src/main/resources/Deloitte.xlsx and sheet Sheet1
2024-06-25 18:26:15 INFO  ExcelFileUtil:19 - Reading workbook getWorkbookSheet(/home/jagadeesh/personalws/java/automation_testing/src/main/resources/Deloitte.xlsx, Sheet1)
2024-06-25 18:26:15 INFO  IxigoHomePage:22 - enterSearchDetails(String {}, String {})
2024-06-25 18:26:15 INFO  DeloitteDriver:22 - Wait until element is clickable: By.xpath: //*[@data-testid='originId']//parent::div and time: 30
2024-06-25 18:26:16 INFO  DeloitteDriver:22 - Click the element: By.xpath: //*[@data-testid='originId']//parent::div
2024-06-25 18:26:16 INFO  DeloitteDriver:22 - Find element By.xpath: //*[@data-testid='originId']//parent::div
2024-06-25 18:26:16 INFO  DeloitteDriver:22 - Wait until element is clickable: By.xpath: //label[normalize-space()='From']/following-sibling::input and time: 30
2024-06-25 18:26:16 INFO  DeloitteDriver:22 - Enter text: Bengaluru
2024-06-25 18:26:16 INFO  DeloitteDriver:22 - Find element By.xpath: //label[normalize-space()='From']/following-sibling::input
2024-06-25 18:26:16 INFO  DeloitteDriver:22 - Find element By.xpath: //label[normalize-space()='From']/following-sibling::input
2024-06-25 18:26:16 INFO  DeloitteDriver:22 - Wait for 2 second(s)
2024-06-25 18:26:18 INFO  DeloitteDriver:22 - Find elements: By.xpath: //label[normalize-space()='From']/ancestor::div[contains(@class, 'items')]//div[contains(@class, 'Autocompleter')]//li and get index element 0
2024-06-25 18:26:18 INFO  DeloitteDriver:22 - Find elements By.xpath: //label[normalize-space()='From']/ancestor::div[contains(@class, 'items')]//div[contains(@class, 'Autocompleter')]//li
2024-06-25 18:26:18 INFO  DeloitteDriver:22 - Wait until element is clickable: By.xpath: //label[normalize-space()='To']/following-sibling::input and time: 30
2024-06-25 18:26:19 INFO  DeloitteDriver:22 - Enter text: Chennai
2024-06-25 18:26:19 INFO  DeloitteDriver:22 - Find element By.xpath: //label[normalize-space()='To']/following-sibling::input
2024-06-25 18:26:19 INFO  DeloitteDriver:22 - Find element By.xpath: //label[normalize-space()='To']/following-sibling::input
2024-06-25 18:26:19 INFO  DeloitteDriver:22 - Wait for 2 second(s)
2024-06-25 18:26:21 INFO  DeloitteDriver:22 - Find elements: By.xpath: //label[normalize-space()='To']/ancestor::div[contains(@class, 'items')]//div[contains(@class, 'Autocompleter')]//li and get index element 0
2024-06-25 18:26:21 INFO  DeloitteDriver:22 - Find elements By.xpath: //label[normalize-space()='To']/ancestor::div[contains(@class, 'items')]//div[contains(@class, 'Autocompleter')]//li
2024-06-25 18:26:21 INFO  DeloitteDriver:22 - Wait until element is clickable: By.xpath: //button[text()='Search'] and time: 30
2024-06-25 18:26:21 INFO  DeloitteDriver:22 - Wait for 2 second(s)
2024-06-25 18:26:23 INFO  DeloitteDriver:22 - Click the element: By.xpath: //button[text()='Search']
2024-06-25 18:26:23 INFO  DeloitteDriver:22 - Find element By.xpath: //button[text()='Search']
2024-06-25 18:26:23 INFO  FlightSearchResultsPage:22 - Wait for Page Load
2024-06-25 18:26:23 INFO  DeloitteDriver:22 - Wait for the presence of element: By.xpath: //div/p[text()=' Flights Available'] and time: 30
2024-06-25 18:26:54 INFO  Hook:22 - Closing the browser.
2024-06-25 18:26:54 INFO  DeloitteDriver:22 - Quit the browser
2024-06-25 18:27:15 INFO  Hook:22 - Launching the browser
2024-06-25 18:27:15 INFO  PropertiesUtil:16 - Reading the properties file located at /home/jagadeesh/personalws/java/automation_testing/src/main/resources/config.properties
2024-06-25 18:27:15 INFO  ExcelFileUtil:33 - Reading the data from /home/jagadeesh/personalws/java/automation_testing/src/main/resources/Deloitte.xlsx and sheet Sheet1
2024-06-25 18:27:15 INFO  ExcelFileUtil:19 - Reading workbook getWorkbookSheet(/home/jagadeesh/personalws/java/automation_testing/src/main/resources/Deloitte.xlsx, Sheet1)
2024-06-25 18:27:17 INFO  FlightBookingSteps:22 - I navigate to home page
2024-06-25 18:27:17 INFO  DeloitteDriver:22 - Navigate to Home Page
2024-06-25 18:27:17 INFO  DeloitteDriver:22 - Maximize window
2024-06-25 18:27:17 INFO  FlightBookingSteps:22 - I search with Sheet1 and 0 data with current date
2024-06-25 18:27:17 INFO  ExcelFileUtil:52 - Reading the data from /home/jagadeesh/personalws/java/automation_testing/src/main/resources/Deloitte.xlsx and sheet Sheet1 and row0
2024-06-25 18:27:17 INFO  ExcelFileUtil:19 - Reading workbook getWorkbookSheet(/home/jagadeesh/personalws/java/automation_testing/src/main/resources/Deloitte.xlsx, Sheet1)
2024-06-25 18:27:17 INFO  ExcelFileUtil:33 - Reading the data from /home/jagadeesh/personalws/java/automation_testing/src/main/resources/Deloitte.xlsx and sheet Sheet1
2024-06-25 18:27:17 INFO  ExcelFileUtil:19 - Reading workbook getWorkbookSheet(/home/jagadeesh/personalws/java/automation_testing/src/main/resources/Deloitte.xlsx, Sheet1)
2024-06-25 18:27:18 INFO  IxigoHomePage:22 - enterSearchDetails(String {}, String {})
2024-06-25 18:27:18 INFO  DeloitteDriver:22 - Wait until element is clickable: By.xpath: //*[@data-testid='originId']//parent::div and time: 30
2024-06-25 18:27:18 INFO  DeloitteDriver:22 - Click the element: By.xpath: //*[@data-testid='originId']//parent::div
2024-06-25 18:27:18 INFO  DeloitteDriver:22 - Find element By.xpath: //*[@data-testid='originId']//parent::div
2024-06-25 18:27:18 INFO  DeloitteDriver:22 - Wait until element is clickable: By.xpath: //label[normalize-space()='From']/following-sibling::input and time: 30
2024-06-25 18:27:18 INFO  DeloitteDriver:22 - Enter text: New Delhi
2024-06-25 18:27:18 INFO  DeloitteDriver:22 - Find element By.xpath: //label[normalize-space()='From']/following-sibling::input
2024-06-25 18:27:18 INFO  DeloitteDriver:22 - Find element By.xpath: //label[normalize-space()='From']/following-sibling::input
2024-06-25 18:27:18 INFO  DeloitteDriver:22 - Find element By.xpath: //label[normalize-space()='From']/following-sibling::input
2024-06-25 18:27:18 INFO  DeloitteDriver:22 - Wait for 2 second(s)
2024-06-25 18:27:20 INFO  DeloitteDriver:22 - Find elements: By.xpath: //label[normalize-space()='From']/ancestor::div[contains(@class, 'items')]//div[contains(@class, 'Autocompleter')]//li and get index element 0
2024-06-25 18:27:20 INFO  DeloitteDriver:22 - Find elements By.xpath: //label[normalize-space()='From']/ancestor::div[contains(@class, 'items')]//div[contains(@class, 'Autocompleter')]//li
2024-06-25 18:27:20 INFO  DeloitteDriver:22 - Wait until element is clickable: By.xpath: //label[normalize-space()='To']/following-sibling::input and time: 30
2024-06-25 18:27:21 INFO  DeloitteDriver:22 - Enter text: Mumbai
2024-06-25 18:27:21 INFO  DeloitteDriver:22 - Find element By.xpath: //label[normalize-space()='To']/following-sibling::input
2024-06-25 18:27:21 INFO  DeloitteDriver:22 - Find element By.xpath: //label[normalize-space()='To']/following-sibling::input
2024-06-25 18:27:21 INFO  DeloitteDriver:22 - Find element By.xpath: //label[normalize-space()='To']/following-sibling::input
2024-06-25 18:27:21 INFO  DeloitteDriver:22 - Wait for 2 second(s)
2024-06-25 18:27:23 INFO  DeloitteDriver:22 - Find elements: By.xpath: //label[normalize-space()='To']/ancestor::div[contains(@class, 'items')]//div[contains(@class, 'Autocompleter')]//li and get index element 0
2024-06-25 18:27:23 INFO  DeloitteDriver:22 - Find elements By.xpath: //label[normalize-space()='To']/ancestor::div[contains(@class, 'items')]//div[contains(@class, 'Autocompleter')]//li
2024-06-25 18:27:23 INFO  DeloitteDriver:22 - Wait until element is clickable: By.xpath: //button[text()='Search'] and time: 30
2024-06-25 18:27:23 INFO  DeloitteDriver:22 - Wait for 2 second(s)
2024-06-25 18:27:25 INFO  DeloitteDriver:22 - Click the element: By.xpath: //button[text()='Search']
2024-06-25 18:27:25 INFO  DeloitteDriver:22 - Find element By.xpath: //button[text()='Search']
2024-06-25 18:27:25 INFO  FlightSearchResultsPage:22 - Wait for Page Load
2024-06-25 18:27:25 INFO  DeloitteDriver:22 - Wait for the presence of element: By.xpath: //div/p[text()=' Flights Available'] and time: 30
2024-06-25 18:27:56 INFO  Hook:22 - Closing the browser.
2024-06-25 18:27:56 INFO  DeloitteDriver:22 - Quit the browser
2024-06-25 18:27:56 INFO  Hook:22 - Launching the browser
2024-06-25 18:27:56 INFO  FlightBookingSteps:22 - I navigate to home page
2024-06-25 18:27:56 INFO  DeloitteDriver:22 - Navigate to Home Page
2024-06-25 18:27:57 INFO  DeloitteDriver:22 - Maximize window
2024-06-25 18:27:57 INFO  FlightBookingSteps:22 - I search with Sheet1 and 1 data with current date
2024-06-25 18:27:57 INFO  ExcelFileUtil:52 - Reading the data from /home/jagadeesh/personalws/java/automation_testing/src/main/resources/Deloitte.xlsx and sheet Sheet1 and row1
2024-06-25 18:27:57 INFO  ExcelFileUtil:19 - Reading workbook getWorkbookSheet(/home/jagadeesh/personalws/java/automation_testing/src/main/resources/Deloitte.xlsx, Sheet1)
2024-06-25 18:27:57 INFO  ExcelFileUtil:33 - Reading the data from /home/jagadeesh/personalws/java/automation_testing/src/main/resources/Deloitte.xlsx and sheet Sheet1
2024-06-25 18:27:57 INFO  ExcelFileUtil:19 - Reading workbook getWorkbookSheet(/home/jagadeesh/personalws/java/automation_testing/src/main/resources/Deloitte.xlsx, Sheet1)
2024-06-25 18:27:57 INFO  IxigoHomePage:22 - enterSearchDetails(String {}, String {})
2024-06-25 18:27:57 INFO  DeloitteDriver:22 - Wait until element is clickable: By.xpath: //*[@data-testid='originId']//parent::div and time: 30
2024-06-25 18:27:58 INFO  DeloitteDriver:22 - Click the element: By.xpath: //*[@data-testid='originId']//parent::div
2024-06-25 18:27:58 INFO  DeloitteDriver:22 - Find element By.xpath: //*[@data-testid='originId']//parent::div
2024-06-25 18:27:58 INFO  DeloitteDriver:22 - Wait until element is clickable: By.xpath: //label[normalize-space()='From']/following-sibling::input and time: 30
2024-06-25 18:27:58 INFO  DeloitteDriver:22 - Enter text: Bengaluru
2024-06-25 18:27:58 INFO  DeloitteDriver:22 - Find element By.xpath: //label[normalize-space()='From']/following-sibling::input
2024-06-25 18:27:58 INFO  DeloitteDriver:22 - Find element By.xpath: //label[normalize-space()='From']/following-sibling::input
2024-06-25 18:27:58 INFO  DeloitteDriver:22 - Find element By.xpath: //label[normalize-space()='From']/following-sibling::input
2024-06-25 18:27:58 INFO  DeloitteDriver:22 - Wait for 2 second(s)
2024-06-25 18:28:00 INFO  DeloitteDriver:22 - Find elements: By.xpath: //label[normalize-space()='From']/ancestor::div[contains(@class, 'items')]//div[contains(@class, 'Autocompleter')]//li and get index element 0
2024-06-25 18:28:00 INFO  DeloitteDriver:22 - Find elements By.xpath: //label[normalize-space()='From']/ancestor::div[contains(@class, 'items')]//div[contains(@class, 'Autocompleter')]//li
2024-06-25 18:28:00 INFO  DeloitteDriver:22 - Wait until element is clickable: By.xpath: //label[normalize-space()='To']/following-sibling::input and time: 30
2024-06-25 18:28:01 INFO  DeloitteDriver:22 - Enter text: Chennai
2024-06-25 18:28:01 INFO  DeloitteDriver:22 - Find element By.xpath: //label[normalize-space()='To']/following-sibling::input
2024-06-25 18:28:01 INFO  DeloitteDriver:22 - Find element By.xpath: //label[normalize-space()='To']/following-sibling::input
2024-06-25 18:28:01 INFO  DeloitteDriver:22 - Find element By.xpath: //label[normalize-space()='To']/following-sibling::input
2024-06-25 18:28:01 INFO  DeloitteDriver:22 - Wait for 2 second(s)
2024-06-25 18:28:03 INFO  DeloitteDriver:22 - Find elements: By.xpath: //label[normalize-space()='To']/ancestor::div[contains(@class, 'items')]//div[contains(@class, 'Autocompleter')]//li and get index element 0
2024-06-25 18:28:03 INFO  DeloitteDriver:22 - Find elements By.xpath: //label[normalize-space()='To']/ancestor::div[contains(@class, 'items')]//div[contains(@class, 'Autocompleter')]//li
2024-06-25 18:28:03 INFO  DeloitteDriver:22 - Wait until element is clickable: By.xpath: //button[text()='Search'] and time: 30
2024-06-25 18:28:03 INFO  DeloitteDriver:22 - Wait for 2 second(s)
2024-06-25 18:28:05 INFO  DeloitteDriver:22 - Click the element: By.xpath: //button[text()='Search']
2024-06-25 18:28:05 INFO  DeloitteDriver:22 - Find element By.xpath: //button[text()='Search']
2024-06-25 18:28:05 INFO  FlightSearchResultsPage:22 - Wait for Page Load
2024-06-25 18:28:05 INFO  DeloitteDriver:22 - Wait for the presence of element: By.xpath: //div/p[text()=' Flights Available'] and time: 30
2024-06-25 18:28:35 INFO  Hook:22 - Closing the browser.
2024-06-25 18:28:35 INFO  DeloitteDriver:22 - Quit the browser
2024-06-25 18:29:15 INFO  Hook:22 - Launching the browser
2024-06-25 18:29:15 INFO  PropertiesUtil:16 - Reading the properties file located at /home/jagadeesh/personalws/java/automation_testing/src/main/resources/config.properties
2024-06-25 18:29:15 INFO  ExcelFileUtil:33 - Reading the data from /home/jagadeesh/personalws/java/automation_testing/src/main/resources/Deloitte.xlsx and sheet Sheet1
2024-06-25 18:29:15 INFO  ExcelFileUtil:19 - Reading workbook getWorkbookSheet(/home/jagadeesh/personalws/java/automation_testing/src/main/resources/Deloitte.xlsx, Sheet1)
2024-06-25 18:29:16 INFO  FlightBookingSteps:22 - I navigate to home page
2024-06-25 18:29:16 INFO  DeloitteDriver:22 - Navigate to Home Page
2024-06-25 18:29:17 INFO  DeloitteDriver:22 - Maximize window
2024-06-25 18:29:17 INFO  FlightBookingSteps:22 - I search with Sheet1 and 0 data with current date
2024-06-25 18:29:17 INFO  ExcelFileUtil:52 - Reading the data from /home/jagadeesh/personalws/java/automation_testing/src/main/resources/Deloitte.xlsx and sheet Sheet1 and row0
2024-06-25 18:29:17 INFO  ExcelFileUtil:19 - Reading workbook getWorkbookSheet(/home/jagadeesh/personalws/java/automation_testing/src/main/resources/Deloitte.xlsx, Sheet1)
2024-06-25 18:29:17 INFO  ExcelFileUtil:33 - Reading the data from /home/jagadeesh/personalws/java/automation_testing/src/main/resources/Deloitte.xlsx and sheet Sheet1
2024-06-25 18:29:17 INFO  ExcelFileUtil:19 - Reading workbook getWorkbookSheet(/home/jagadeesh/personalws/java/automation_testing/src/main/resources/Deloitte.xlsx, Sheet1)
2024-06-25 18:29:17 INFO  IxigoHomePage:22 - enterSearchDetails(String {}, String {})
2024-06-25 18:29:17 INFO  DeloitteDriver:22 - Wait until element is clickable: By.xpath: //*[@data-testid='originId']//parent::div and time: 30
2024-06-25 18:29:18 INFO  DeloitteDriver:22 - Click the element: By.xpath: //*[@data-testid='originId']//parent::div
2024-06-25 18:29:18 INFO  DeloitteDriver:22 - Find element By.xpath: //*[@data-testid='originId']//parent::div
2024-06-25 18:29:18 INFO  DeloitteDriver:22 - Wait until element is clickable: By.xpath: //label[normalize-space()='From']/following-sibling::input and time: 30
2024-06-25 18:29:18 INFO  DeloitteDriver:22 - Enter text: New Delhi
2024-06-25 18:29:18 INFO  DeloitteDriver:22 - Find element By.xpath: //label[normalize-space()='From']/following-sibling::input
2024-06-25 18:29:18 INFO  DeloitteDriver:22 - Find element By.xpath: //label[normalize-space()='From']/following-sibling::input
2024-06-25 18:29:18 INFO  DeloitteDriver:22 - Find element By.xpath: //label[normalize-space()='From']/following-sibling::input
2024-06-25 18:29:18 INFO  DeloitteDriver:22 - Wait for 2 second(s)
2024-06-25 18:29:20 INFO  DeloitteDriver:22 - Find elements: By.xpath: //label[normalize-space()='From']/ancestor::div[contains(@class, 'items')]//div[contains(@class, 'Autocompleter')]//li and get index element 0
2024-06-25 18:29:20 INFO  DeloitteDriver:22 - Find elements By.xpath: //label[normalize-space()='From']/ancestor::div[contains(@class, 'items')]//div[contains(@class, 'Autocompleter')]//li
2024-06-25 18:29:20 INFO  DeloitteDriver:22 - Wait until element is clickable: By.xpath: //label[normalize-space()='To']/following-sibling::input and time: 30
2024-06-25 18:29:21 INFO  DeloitteDriver:22 - Enter text: Mumbai
2024-06-25 18:29:21 INFO  DeloitteDriver:22 - Find element By.xpath: //label[normalize-space()='To']/following-sibling::input
2024-06-25 18:29:21 INFO  DeloitteDriver:22 - Find element By.xpath: //label[normalize-space()='To']/following-sibling::input
2024-06-25 18:29:21 INFO  DeloitteDriver:22 - Find element By.xpath: //label[normalize-space()='To']/following-sibling::input
2024-06-25 18:29:21 INFO  DeloitteDriver:22 - Wait for 2 second(s)
2024-06-25 18:29:23 INFO  DeloitteDriver:22 - Find elements: By.xpath: //label[normalize-space()='To']/ancestor::div[contains(@class, 'items')]//div[contains(@class, 'Autocompleter')]//li and get index element 0
2024-06-25 18:29:23 INFO  DeloitteDriver:22 - Find elements By.xpath: //label[normalize-space()='To']/ancestor::div[contains(@class, 'items')]//div[contains(@class, 'Autocompleter')]//li
2024-06-25 18:29:23 INFO  DeloitteDriver:22 - Wait until element is clickable: By.xpath: //button[text()='Search'] and time: 30
2024-06-25 18:29:23 INFO  DeloitteDriver:22 - Wait for 2 second(s)
2024-06-25 18:29:25 INFO  DeloitteDriver:22 - Click the element: By.xpath: //button[text()='Search']
2024-06-25 18:29:25 INFO  DeloitteDriver:22 - Find element By.xpath: //button[text()='Search']
2024-06-25 18:29:25 INFO  FlightSearchResultsPage:22 - Wait for Page Load
2024-06-25 18:29:25 INFO  DeloitteDriver:22 - Wait for the presence of element: By.xpath: //div/p[text()=' Flights Available'] and time: 30
2024-06-25 18:29:55 INFO  Hook:22 - Closing the browser.
2024-06-25 18:29:56 INFO  DeloitteDriver:22 - Quit the browser
2024-06-25 18:29:56 INFO  Hook:22 - Launching the browser
2024-06-25 18:29:56 INFO  FlightBookingSteps:22 - I navigate to home page
2024-06-25 18:29:56 INFO  DeloitteDriver:22 - Navigate to Home Page
2024-06-25 18:29:57 INFO  DeloitteDriver:22 - Maximize window
2024-06-25 18:29:57 INFO  FlightBookingSteps:22 - I search with Sheet1 and 1 data with current date
2024-06-25 18:29:57 INFO  ExcelFileUtil:52 - Reading the data from /home/jagadeesh/personalws/java/automation_testing/src/main/resources/Deloitte.xlsx and sheet Sheet1 and row1
2024-06-25 18:29:57 INFO  ExcelFileUtil:19 - Reading workbook getWorkbookSheet(/home/jagadeesh/personalws/java/automation_testing/src/main/resources/Deloitte.xlsx, Sheet1)
2024-06-25 18:29:57 INFO  ExcelFileUtil:33 - Reading the data from /home/jagadeesh/personalws/java/automation_testing/src/main/resources/Deloitte.xlsx and sheet Sheet1
2024-06-25 18:29:57 INFO  ExcelFileUtil:19 - Reading workbook getWorkbookSheet(/home/jagadeesh/personalws/java/automation_testing/src/main/resources/Deloitte.xlsx, Sheet1)
2024-06-25 18:29:57 INFO  IxigoHomePage:22 - enterSearchDetails(String {}, String {})
2024-06-25 18:29:57 INFO  DeloitteDriver:22 - Wait until element is clickable: By.xpath: //*[@data-testid='originId']//parent::div and time: 30
2024-06-25 18:29:58 INFO  DeloitteDriver:22 - Click the element: By.xpath: //*[@data-testid='originId']//parent::div
2024-06-25 18:29:58 INFO  DeloitteDriver:22 - Find element By.xpath: //*[@data-testid='originId']//parent::div
2024-06-25 18:29:58 INFO  DeloitteDriver:22 - Wait until element is clickable: By.xpath: //label[normalize-space()='From']/following-sibling::input and time: 30
2024-06-25 18:29:58 INFO  DeloitteDriver:22 - Enter text: Hyderabad
2024-06-25 18:29:58 INFO  DeloitteDriver:22 - Find element By.xpath: //label[normalize-space()='From']/following-sibling::input
2024-06-25 18:29:58 INFO  DeloitteDriver:22 - Find element By.xpath: //label[normalize-space()='From']/following-sibling::input
2024-06-25 18:29:58 INFO  DeloitteDriver:22 - Find element By.xpath: //label[normalize-space()='From']/following-sibling::input
2024-06-25 18:29:58 INFO  DeloitteDriver:22 - Wait for 2 second(s)
2024-06-25 18:30:00 INFO  DeloitteDriver:22 - Find elements: By.xpath: //label[normalize-space()='From']/ancestor::div[contains(@class, 'items')]//div[contains(@class, 'Autocompleter')]//li and get index element 0
2024-06-25 18:30:00 INFO  DeloitteDriver:22 - Find elements By.xpath: //label[normalize-space()='From']/ancestor::div[contains(@class, 'items')]//div[contains(@class, 'Autocompleter')]//li
2024-06-25 18:30:00 INFO  DeloitteDriver:22 - Wait until element is clickable: By.xpath: //label[normalize-space()='To']/following-sibling::input and time: 30
2024-06-25 18:30:01 INFO  DeloitteDriver:22 - Enter text: Chennai
2024-06-25 18:30:01 INFO  DeloitteDriver:22 - Find element By.xpath: //label[normalize-space()='To']/following-sibling::input
2024-06-25 18:30:01 INFO  DeloitteDriver:22 - Find element By.xpath: //label[normalize-space()='To']/following-sibling::input
2024-06-25 18:30:01 INFO  DeloitteDriver:22 - Find element By.xpath: //label[normalize-space()='To']/following-sibling::input
2024-06-25 18:30:01 INFO  DeloitteDriver:22 - Wait for 2 second(s)
2024-06-25 18:30:03 INFO  DeloitteDriver:22 - Find elements: By.xpath: //label[normalize-space()='To']/ancestor::div[contains(@class, 'items')]//div[contains(@class, 'Autocompleter')]//li and get index element 0
2024-06-25 18:30:03 INFO  DeloitteDriver:22 - Find elements By.xpath: //label[normalize-space()='To']/ancestor::div[contains(@class, 'items')]//div[contains(@class, 'Autocompleter')]//li
2024-06-25 18:30:03 INFO  DeloitteDriver:22 - Wait until element is clickable: By.xpath: //button[text()='Search'] and time: 30
2024-06-25 18:30:03 INFO  DeloitteDriver:22 - Wait for 2 second(s)
2024-06-25 18:30:05 INFO  DeloitteDriver:22 - Click the element: By.xpath: //button[text()='Search']
2024-06-25 18:30:05 INFO  DeloitteDriver:22 - Find element By.xpath: //button[text()='Search']
2024-06-25 18:30:05 INFO  FlightSearchResultsPage:22 - Wait for Page Load
2024-06-25 18:30:05 INFO  DeloitteDriver:22 - Wait for the presence of element: By.xpath: //div/p[text()=' Flights Available'] and time: 30
2024-06-25 18:30:35 INFO  Hook:22 - Closing the browser.
2024-06-25 18:30:36 INFO  DeloitteDriver:22 - Quit the browser
